('begin', 0)
(':', 0)
('number', 0)
('id', (11, 0))
(';', 0)
('number', 0)
('id', (11, 1))
(';', 0)
('number', 0)
('id', (4, 0))
(';', 0)
('number', 0)
('id', (9, 0))
(';', 0)
('in', 0)
('id', (11, 0))
(';', 0)
('in', 0)
('id', (11, 1))
(';', 0)
('in', 0)
('id', (4, 0))
(';', 0)
('id', (9, 0))
('<', 0)
('id', (11, 0))
(';', 0)
('if', 0)
('(', 0)
('id', (11, 1))
('<', 0)
('id', (9, 0))
(')', 0)
(':', 0)
('id', (9, 0))
('<-', 0)
('id', (11, 1))
(';', 0)
('end_if', 0)
('if', 0)
('(', 0)
('id', (4, 0))
('<', 0)
('id', (9, 0))
(')', 0)
(':', 0)
('id', (9, 0))
('<-', 0)
('id', (4, 0))
(';', 0)
('end_if', 0)
('out', 0)
('id', (9, 0))
(';', 0)
('out', 0)
('ct', 8)
(';', 0)
('end', 0)
